<?xml version="1.0" encoding="UTF-8"?>
<!-- Generated by org.testng.reporters.JUnitReportReporter -->
<testsuite hostname="LAPTOP-FVOH69QR" failures="0" tests="1" name="test.LoginPageTest" time="105.022" errors="0" timestamp="2022-08-22T16:09:15 IST" skipped="0">
  <testcase classname="test.LoginPageTest" name="Signuptest" time="105.022"/>
  <system-out/>
</testsuite> <!-- test.LoginPageTest -->
